c:\prenos\dosbox-x-master\obj\libpdcurses\win32\debug\libpdcurses.pdb
c:\prenos\dosbox-x-master\obj\libpdcurses\win32\debug\inopts.obj
c:\prenos\dosbox-x-master\obj\libpdcurses\win32\debug\initscr.obj
c:\prenos\dosbox-x-master\obj\libpdcurses\win32\debug\inchstr.obj
c:\prenos\dosbox-x-master\obj\libpdcurses\win32\debug\inch.obj
c:\prenos\dosbox-x-master\obj\libpdcurses\win32\debug\getyx.obj
c:\prenos\dosbox-x-master\obj\libpdcurses\win32\debug\getstr.obj
c:\prenos\dosbox-x-master\obj\libpdcurses\win32\debug\getch.obj
c:\prenos\dosbox-x-master\obj\libpdcurses\win32\debug\deprec.obj
c:\prenos\dosbox-x-master\obj\libpdcurses\win32\debug\deleteln.obj
c:\prenos\dosbox-x-master\obj\libpdcurses\win32\debug\delch.obj
c:\prenos\dosbox-x-master\obj\libpdcurses\win32\debug\debug.obj
c:\prenos\dosbox-x-master\obj\libpdcurses\win32\debug\color.obj
c:\prenos\dosbox-x-master\obj\libpdcurses\win32\debug\clear.obj
c:\prenos\dosbox-x-master\obj\libpdcurses\win32\debug\border.obj
c:\prenos\dosbox-x-master\obj\libpdcurses\win32\debug\bkgd.obj
c:\prenos\dosbox-x-master\obj\libpdcurses\win32\debug\beep.obj
c:\prenos\dosbox-x-master\obj\libpdcurses\win32\debug\attr.obj
c:\prenos\dosbox-x-master\obj\libpdcurses\win32\debug\addstr.obj
c:\prenos\dosbox-x-master\obj\libpdcurses\win32\debug\addchstr.obj
c:\prenos\dosbox-x-master\obj\libpdcurses\win32\debug\addch.obj
c:\prenos\dosbox-x-master\obj\libpdcurses\win32\debug\touch.obj
c:\prenos\dosbox-x-master\obj\libpdcurses\win32\debug\terminfo.obj
c:\prenos\dosbox-x-master\obj\libpdcurses\win32\debug\termattr.obj
c:\prenos\dosbox-x-master\obj\libpdcurses\win32\debug\slk.obj
c:\prenos\dosbox-x-master\obj\libpdcurses\win32\debug\scr_dump.obj
c:\prenos\dosbox-x-master\obj\libpdcurses\win32\debug\scroll.obj
c:\prenos\dosbox-x-master\obj\libpdcurses\win32\debug\scanw.obj
c:\prenos\dosbox-x-master\obj\libpdcurses\win32\debug\refresh.obj
c:\prenos\dosbox-x-master\obj\libpdcurses\win32\debug\printw.obj
c:\prenos\dosbox-x-master\obj\libpdcurses\win32\debug\panel.obj
c:\prenos\dosbox-x-master\obj\libpdcurses\win32\debug\pad.obj
c:\prenos\dosbox-x-master\obj\libpdcurses\win32\debug\overlay.obj
c:\prenos\dosbox-x-master\obj\libpdcurses\win32\debug\outopts.obj
c:\prenos\dosbox-x-master\obj\libpdcurses\win32\debug\move.obj
c:\prenos\dosbox-x-master\obj\libpdcurses\win32\debug\mouse.obj
c:\prenos\dosbox-x-master\obj\libpdcurses\win32\debug\keyname.obj
c:\prenos\dosbox-x-master\obj\libpdcurses\win32\debug\kernel.obj
c:\prenos\dosbox-x-master\obj\libpdcurses\win32\debug\instr.obj
c:\prenos\dosbox-x-master\obj\libpdcurses\win32\debug\insstr.obj
c:\prenos\dosbox-x-master\obj\libpdcurses\win32\debug\insch.obj
c:\prenos\dosbox-x-master\obj\libpdcurses\win32\debug\pdcutil.obj
c:\prenos\dosbox-x-master\obj\libpdcurses\win32\debug\pdcsetsc.obj
c:\prenos\dosbox-x-master\obj\libpdcurses\win32\debug\pdcscrn.obj
c:\prenos\dosbox-x-master\obj\libpdcurses\win32\debug\pdckbd.obj
c:\prenos\dosbox-x-master\obj\libpdcurses\win32\debug\pdcgetsc.obj
c:\prenos\dosbox-x-master\obj\libpdcurses\win32\debug\pdcdisp.obj
c:\prenos\dosbox-x-master\obj\libpdcurses\win32\debug\pdcclip.obj
c:\prenos\dosbox-x-master\obj\libpdcurses\win32\debug\window.obj
c:\prenos\dosbox-x-master\obj\libpdcurses\win32\debug\util.obj
c:\prenos\dosbox-x-master\obj\libpdcurses\win32\debug\libpdcurses.lib
c:\prenos\dosbox-x-master\vs2015\..\obj\libpdcurses\win32\debug\libpdcurses.pdb
c:\prenos\dosbox-x-master\vs2015\..\obj\libpdcurses\win32\debug\libpdcurses.lib
c:\prenos\dosbox-x-master\obj\libpdcurses\win32\debug\libpdcurses.tlog\cl.command.1.tlog
c:\prenos\dosbox-x-master\obj\libpdcurses\win32\debug\libpdcurses.tlog\cl.read.1.tlog
c:\prenos\dosbox-x-master\obj\libpdcurses\win32\debug\libpdcurses.tlog\cl.write.1.tlog
c:\prenos\dosbox-x-master\obj\libpdcurses\win32\debug\libpdcurses.tlog\lib-link.read.1.tlog
c:\prenos\dosbox-x-master\obj\libpdcurses\win32\debug\libpdcurses.tlog\lib-link.write.1.tlog
c:\prenos\dosbox-x-master\obj\libpdcurses\win32\debug\libpdcurses.tlog\lib.command.1.tlog
