  addch.c
  addchstr.c
  addstr.c
  attr.c
  beep.c
  bkgd.c
  border.c
  clear.c
  color.c
  debug.c
  delch.c
  deleteln.c
  deprec.c
  getch.c
  getstr.c
  getyx.c
  inch.c
  inchstr.c
  initscr.c
  inopts.c
  Generování kódu...
  Kompilování...
  insch.c
  insstr.c
  instr.c
  kernel.c
  keyname.c
  mouse.c
  move.c
  outopts.c
  overlay.c
  pad.c
  panel.c
  printw.c
  refresh.c
  scanw.c
  scroll.c
  scr_dump.c
  slk.c
  termattr.c
  terminfo.c
  touch.c
  Generování kódu...
  Kompilování...
  util.c
  window.c
  pdcclip.c
  pdcdisp.c
  pdcgetsc.c
  pdckbd.c
  pdcscrn.c
  pdcsetsc.c
  pdcutil.c
  Generování kódu...
  libpdcurses.vcxproj -> C:\prenos\dosbox-x-master\vs2015\..\obj\libpdcurses\Win32\Debug\libpdcurses.lib
