cl : příkazový řádek warning D9035: Možnost QIfist je zastaralá a v příští verzi se odebere.
  SDL_atomic.c
  SDL_spinlock.c
  SDL_directsound.c
  SDL_diskaudio.c
  SDL_dummyaudio.c
  SDL_audio.c
  SDL_audiocvt.c
  SDL_audiodev.c
  SDL_audiotypecvt.c
  SDL_mixer.c
  SDL_wave.c
  SDL_wasapi.c
  SDL_winmm.c
  SDL_xaudio2.c
  SDL_windows.c
  SDL_xinput.c
  SDL_cpuinfo.c
  SDL_dynapi.c
  SDL_clipboardevents.c
  SDL_dropevents.c
  Generování kódu...
  Kompilování...
  SDL_events.c
  SDL_gesture.c
  SDL_keyboard.c
  SDL_mouse.c
  SDL_quit.c
  SDL_touch.c
  SDL_windowevents.c
  SDL_rwops.c
  SDL_sysfilesystem.c
  SDL_haptic.c
  SDL_dinputhaptic.c
  SDL_windowshaptic.c
  SDL_xinputhaptic.c
  SDL_gamecontroller.c
  SDL_joystick.c
  SDL_dinputjoystick.c
  SDL_mmjoystick.c
  SDL_windowsjoystick.c
  SDL_xinputjoystick.c
  e_atan2.c
  Generování kódu...
  Kompilování...
  e_log.c
  e_pow.c
  e_rem_pio2.c
  e_sqrt.c
  k_cos.c
  k_rem_pio2.c
  k_sin.c
  k_tan.c
  s_atan.c
  s_copysign.c
  s_cos.c
  s_fabs.c
  s_floor.c
  s_scalbn.c
  s_sin.c
  s_tan.c
  SDL_sysloadso.c
  SDL_power.c
  SDL_syspower.c
  SDL_render_d3d.c
  Generování kódu...
  Kompilování...
  SDL_render_d3d11.c
  SDL_render_gl.c
  SDL_shaders_gl.c
  SDL_render_gles2.c
  SDL_shaders_gles2.c
  SDL_d3dmath.c
  SDL_render.c
  SDL_yuv_mmx.c
  SDL_yuv_sw.c
  SDL_blendfillrect.c
  SDL_blendline.c
  SDL_blendpoint.c
  SDL_drawline.c
  SDL_drawpoint.c
  SDL_render_sw.c
  SDL_rotate.c
  SDL.c
  SDL_assert.c
  SDL_dataqueue.c
  SDL_error.c
  Generování kódu...
  Kompilování...
  SDL_hints.c
  SDL_log.c
  SDL_getenv.c
  SDL_iconv.c
  SDL_malloc.c
  SDL_qsort.c
  SDL_stdlib.c
  SDL_string.c
  SDL_syscond.c
  SDL_thread.c
  SDL_sysmutex.c
  SDL_syssem.c
  SDL_systhread.c
  SDL_systls.c
  SDL_timer.c
  SDL_systimer.c
  SDL_nullevents.c
  SDL_nullframebuffer.c
  SDL_nullvideo.c
  SDL_blit.c
  Generování kódu...
  Kompilování...
  SDL_blit_0.c
  SDL_blit_1.c
  SDL_blit_A.c
  SDL_blit_auto.c
  SDL_blit_copy.c
  SDL_blit_N.c
  SDL_blit_slow.c
  SDL_bmp.c
  SDL_clipboard.c
  SDL_egl.c
  SDL_fillrect.c
  SDL_pixels.c
  SDL_rect.c
  SDL_RLEaccel.c
  SDL_shape.c
  SDL_stretch.c
  SDL_surface.c
  SDL_video.c
  SDL_vulkan_utils.c
  SDL_windowsclipboard.c
  Generování kódu...
  Kompilování...
  SDL_windowsevents.c
  SDL_windowsframebuffer.c
  SDL_windowskeyboard.c
..\..\src\video\windows\SDL_windowskeyboard.c(457): warning C4996: 'GetVersionExA': bylo deklarované jako zastaralé
  C:\Program Files (x86)\Windows Kits\8.1\Include\um\sysinfoapi.h(433): note: viz deklarace: GetVersionExA
  SDL_windowsmessagebox.c
  SDL_windowsmodes.c
  SDL_windowsmouse.c
  SDL_windowsopengl.c
  SDL_windowsopengles.c
  SDL_windowsshape.c
  SDL_windowsvideo.c
  SDL_windowsvulkan.c
  SDL_windowswindow.c
  Generování kódu...
  SDL.vcxproj -> C:\prenos\dosbox-x-master\vs2015\..\obj\SDL2\Win32\Debug SDL2\SDL2.lib
