c:\prenos\dosbox-x-master\obj\libpng\win32\debug\libpng.bsc
c:\prenos\dosbox-x-master\obj\libpng\win32\debug\libpng.pch
c:\prenos\dosbox-x-master\obj\libpng\win32\debug\libpng.pdb
c:\prenos\dosbox-x-master\obj\libpng\win32\debug\png.sbr
c:\prenos\dosbox-x-master\obj\libpng\win32\debug\png.obj
c:\prenos\dosbox-x-master\obj\libpng\win32\debug\pngerror.sbr
c:\prenos\dosbox-x-master\obj\libpng\win32\debug\pngget.sbr
c:\prenos\dosbox-x-master\obj\libpng\win32\debug\pngmem.sbr
c:\prenos\dosbox-x-master\obj\libpng\win32\debug\pngpread.sbr
c:\prenos\dosbox-x-master\obj\libpng\win32\debug\pngread.sbr
c:\prenos\dosbox-x-master\obj\libpng\win32\debug\pngrio.sbr
c:\prenos\dosbox-x-master\obj\libpng\win32\debug\pngrtran.sbr
c:\prenos\dosbox-x-master\obj\libpng\win32\debug\pngrutil.sbr
c:\prenos\dosbox-x-master\obj\libpng\win32\debug\pngset.sbr
c:\prenos\dosbox-x-master\obj\libpng\win32\debug\pngtrans.sbr
c:\prenos\dosbox-x-master\obj\libpng\win32\debug\pngwio.sbr
c:\prenos\dosbox-x-master\obj\libpng\win32\debug\pngwrite.sbr
c:\prenos\dosbox-x-master\obj\libpng\win32\debug\pngwtran.sbr
c:\prenos\dosbox-x-master\obj\libpng\win32\debug\pngwutil.sbr
c:\prenos\dosbox-x-master\obj\libpng\win32\debug\pngwutil.obj
c:\prenos\dosbox-x-master\obj\libpng\win32\debug\pngwtran.obj
c:\prenos\dosbox-x-master\obj\libpng\win32\debug\pngwrite.obj
c:\prenos\dosbox-x-master\obj\libpng\win32\debug\pngwio.obj
c:\prenos\dosbox-x-master\obj\libpng\win32\debug\pngtrans.obj
c:\prenos\dosbox-x-master\obj\libpng\win32\debug\pngset.obj
c:\prenos\dosbox-x-master\obj\libpng\win32\debug\pngrutil.obj
c:\prenos\dosbox-x-master\obj\libpng\win32\debug\pngrtran.obj
c:\prenos\dosbox-x-master\obj\libpng\win32\debug\pngrio.obj
c:\prenos\dosbox-x-master\obj\libpng\win32\debug\pngread.obj
c:\prenos\dosbox-x-master\obj\libpng\win32\debug\pngpread.obj
c:\prenos\dosbox-x-master\obj\libpng\win32\debug\pngmem.obj
c:\prenos\dosbox-x-master\obj\libpng\win32\debug\pngget.obj
c:\prenos\dosbox-x-master\obj\libpng\win32\debug\pngerror.obj
c:\prenos\dosbox-x-master\obj\libpng\win32\debug\libpng.lib
c:\prenos\dosbox-x-master\vs2015\..\obj\libpng\win32\debug\libpng.pdb
c:\prenos\dosbox-x-master\vs2015\..\obj\libpng\win32\debug\libpng.lib
c:\prenos\dosbox-x-master\vs2015\..\obj\libpng\win32\debug\libpng.bsc
c:\prenos\dosbox-x-master\obj\libpng\win32\debug\libpng.tlog\bscmake.command.1.tlog
c:\prenos\dosbox-x-master\obj\libpng\win32\debug\libpng.tlog\bscmake.read.1.tlog
c:\prenos\dosbox-x-master\obj\libpng\win32\debug\libpng.tlog\bscmake.write.1.tlog
c:\prenos\dosbox-x-master\obj\libpng\win32\debug\libpng.tlog\cl.command.1.tlog
c:\prenos\dosbox-x-master\obj\libpng\win32\debug\libpng.tlog\cl.read.1.tlog
c:\prenos\dosbox-x-master\obj\libpng\win32\debug\libpng.tlog\cl.write.1.tlog
c:\prenos\dosbox-x-master\obj\libpng\win32\debug\libpng.tlog\lib-link.read.1.tlog
c:\prenos\dosbox-x-master\obj\libpng\win32\debug\libpng.tlog\lib-link.write.1.tlog
c:\prenos\dosbox-x-master\obj\libpng\win32\debug\libpng.tlog\lib.command.1.tlog
