c:\prenos\dosbox-x-master\obj\dosbox-x\win32\debug\dosbox-x.pdb
c:\prenos\dosbox-x-master\obj\dosbox-x\win32\debug\move_exe.obj
c:\prenos\dosbox-x-master\obj\dosbox-x\win32\debug\mem_com.obj
c:\prenos\dosbox-x-master\obj\dosbox-x\win32\debug\lastdriv_com.obj
c:\prenos\dosbox-x-master\obj\dosbox-x\win32\debug\hexmem32_exe.obj
c:\prenos\dosbox-x-master\obj\dosbox-x\win32\debug\hexmem16_exe.obj
c:\prenos\dosbox-x-master\obj\dosbox-x\win32\debug\find_exe.obj
c:\prenos\dosbox-x-master\obj\dosbox-x\win32\debug\fcbs_com.obj
c:\prenos\dosbox-x-master\obj\dosbox-x\win32\debug\edit_com.obj
c:\prenos\dosbox-x-master\obj\dosbox-x\win32\debug\dosidle_exe.obj
c:\prenos\dosbox-x-master\obj\dosbox-x\win32\debug\dos4gw_exe.obj
c:\prenos\dosbox-x-master\obj\dosbox-x\win32\debug\dos32a_exe.obj
c:\prenos\dosbox-x-master\obj\dosbox-x\win32\debug\device_com.obj
c:\prenos\dosbox-x-master\obj\dosbox-x\win32\debug\debug_exe.obj
c:\prenos\dosbox-x-master\obj\dosbox-x\win32\debug\cwsdpmi_exe.obj
c:\prenos\dosbox-x-master\obj\dosbox-x\win32\debug\copy_exe.obj
c:\prenos\dosbox-x-master\obj\dosbox-x\win32\debug\buffers_com.obj
c:\prenos\dosbox-x-master\obj\dosbox-x\win32\debug\append_exe.obj
c:\prenos\dosbox-x-master\obj\dosbox-x\win32\debug\50_com.obj
c:\prenos\dosbox-x-master\obj\dosbox-x\win32\debug\28_com.obj
c:\prenos\dosbox-x-master\obj\dosbox-x\win32\debug\25_com.obj
c:\prenos\dosbox-x-master\obj\dosbox-x\win32\debug\dosbox.obj
c:\prenos\dosbox-x-master\obj\dosbox-x\win32\debug\debug_win32.obj
c:\prenos\dosbox-x-master\obj\dosbox-x\win32\debug\debug_gui.obj
c:\prenos\dosbox-x-master\obj\dosbox-x\win32\debug\debug_disasm.obj
c:\prenos\dosbox-x-master\obj\dosbox-x\win32\debug\debug.obj
c:\prenos\dosbox-x-master\obj\dosbox-x\win32\debug\paging.obj
c:\prenos\dosbox-x-master\obj\dosbox-x\win32\debug\modrm.obj
c:\prenos\dosbox-x-master\obj\dosbox-x\win32\debug\mmx.obj
c:\prenos\dosbox-x-master\obj\dosbox-x\win32\debug\flags.obj
c:\prenos\dosbox-x-master\obj\dosbox-x\win32\debug\cpu.obj
c:\prenos\dosbox-x-master\obj\dosbox-x\win32\debug\core_simple.obj
c:\prenos\dosbox-x-master\obj\dosbox-x\win32\debug\core_prefetch.obj
c:\prenos\dosbox-x-master\obj\dosbox-x\win32\debug\core_normal_8086.obj
c:\prenos\dosbox-x-master\obj\dosbox-x\win32\debug\core_normal_286.obj
c:\prenos\dosbox-x-master\obj\dosbox-x\win32\debug\core_normal.obj
c:\prenos\dosbox-x-master\obj\dosbox-x\win32\debug\core_full.obj
c:\prenos\dosbox-x-master\obj\dosbox-x\win32\debug\core_dyn_x86.obj
c:\prenos\dosbox-x-master\obj\dosbox-x\win32\debug\callback.obj
c:\prenos\dosbox-x-master\obj\dosbox-x\win32\debug\xcopy_exe.obj
c:\prenos\dosbox-x-master\obj\dosbox-x\win32\debug\tree_exe.obj
c:\prenos\dosbox-x-master\obj\dosbox-x\win32\debug\drive_iso.obj
c:\prenos\dosbox-x-master\obj\dosbox-x\win32\debug\drive_fat.obj
c:\prenos\dosbox-x-master\obj\dosbox-x\win32\debug\drive_cache.obj
c:\prenos\dosbox-x-master\obj\dosbox-x\win32\debug\drives.obj
c:\prenos\dosbox-x-master\obj\dosbox-x\win32\debug\dos_tables.obj
c:\prenos\dosbox-x-master\obj\dosbox-x\win32\debug\dos_programs.obj
c:\prenos\dosbox-x-master\obj\dosbox-x\win32\debug\dos_mscdex.obj
c:\prenos\dosbox-x-master\obj\dosbox-x\win32\debug\dos_misc.obj
c:\prenos\dosbox-x-master\obj\dosbox-x\win32\debug\dos_memory.obj
c:\prenos\dosbox-x-master\obj\dosbox-x\win32\debug\dos_keyboard_layout.obj
c:\prenos\dosbox-x-master\obj\dosbox-x\win32\debug\dos_ioctl.obj
c:\prenos\dosbox-x-master\obj\dosbox-x\win32\debug\dos_files.obj
c:\prenos\dosbox-x-master\obj\dosbox-x\win32\debug\dos_execute.obj
c:\prenos\dosbox-x-master\obj\dosbox-x\win32\debug\dos_devices.obj
c:\prenos\dosbox-x-master\obj\dosbox-x\win32\debug\dos_classes.obj
c:\prenos\dosbox-x-master\obj\dosbox-x\win32\debug\dos.obj
c:\prenos\dosbox-x-master\obj\dosbox-x\win32\debug\cdrom_ioctl_win32.obj
c:\prenos\dosbox-x-master\obj\dosbox-x\win32\debug\cdrom_image.obj
c:\prenos\dosbox-x-master\obj\dosbox-x\win32\debug\cdrom_aspi_win32.obj
c:\prenos\dosbox-x-master\obj\dosbox-x\win32\debug\cdrom.obj
c:\prenos\dosbox-x-master\obj\dosbox-x\win32\debug\dosbox-x.tlog\cl.command.1.tlog
c:\prenos\dosbox-x-master\obj\dosbox-x\win32\debug\dosbox-x.tlog\cl.read.1.tlog
c:\prenos\dosbox-x-master\obj\dosbox-x\win32\debug\dosbox-x.tlog\cl.write.1.tlog
