  engine.cpp
c:\prenos\dosbox-x-remc2\src\engine\engine.cpp(136): warning C4474: fprintf: Pro formátovací řetězec se předal příliš velký počet argumentů.
  c:\prenos\dosbox-x-remc2\src\engine\engine.cpp(136): note: Pro zástupný text a jeho parametry se očekával tento počet variadických argumentů: 2, ale je zadaný tento počet: 3.
c:\prenos\dosbox-x-remc2\src\engine\engine.cpp(223): warning C4018: <: signed/unsigned – neshoda
c:\prenos\dosbox-x-remc2\src\engine\engine.cpp(395): warning C4244: argument: int16_t se převádí na const Bit8u; může dojít ke ztrátě dat.
c:\prenos\dosbox-x-remc2\src\engine\engine.cpp(398): warning C4244: argument: int16_t se převádí na const Bit8u; může dojít ke ztrátě dat.
c:\prenos\dosbox-x-remc2\src\engine\engine.cpp(402): warning C4244: argument: int16_t se převádí na const Bit8u; může dojít ke ztrátě dat.
c:\prenos\dosbox-x-remc2\src\engine\engine.cpp(406): warning C4244: argument: int16_t se převádí na const Bit8u; může dojít ke ztrátě dat.
c:\prenos\dosbox-x-remc2\src\engine\engine.cpp(351): warning C4101: zf22: neodkazovaná lokální proměnná
c:\prenos\dosbox-x-remc2\src\engine\engine.cpp(364): warning C4101: zf35: neodkazovaná lokální proměnná
c:\prenos\dosbox-x-remc2\src\engine\engine.cpp(343): warning C4101: less_or_equal14: neodkazovaná lokální proměnná
c:\prenos\dosbox-x-remc2\src\engine\engine.cpp(342): warning C4101: zf13: neodkazovaná lokální proměnná
c:\prenos\dosbox-x-remc2\src\engine\engine.cpp(363): warning C4101: ax34: neodkazovaná lokální proměnná
c:\prenos\dosbox-x-remc2\src\engine\engine.cpp(339): warning C4101: less_or_equal10: neodkazovaná lokální proměnná
c:\prenos\dosbox-x-remc2\src\engine\engine.cpp(340): warning C4101: less_or_equal11: neodkazovaná lokální proměnná
c:\prenos\dosbox-x-remc2\src\engine\engine.cpp(358): warning C4101: zf29: neodkazovaná lokální proměnná
c:\prenos\dosbox-x-remc2\src\engine\engine.cpp(362): warning C4101: zf33: neodkazovaná lokální proměnná
c:\prenos\dosbox-x-remc2\src\engine\engine.cpp(352): warning C4101: zf23: neodkazovaná lokální proměnná
c:\prenos\dosbox-x-remc2\src\engine\engine.cpp(365): warning C4101: eax36: neodkazovaná lokální proměnná
c:\prenos\dosbox-x-remc2\src\engine\engine.cpp(357): warning C4101: zf28: neodkazovaná lokální proměnná
c:\prenos\dosbox-x-remc2\src\engine\engine.cpp(377): warning C4700: používá se neinicializovaná lokální proměnná ecx
c:\prenos\dosbox-x-remc2\src\engine\engine.cpp(378): warning C4700: používá se neinicializovaná lokální proměnná edx5
  
  Hledají se knihovny.
      Hledá se C:\Program Files (x86)\Windows Kits\8.1\lib\winv6.3\um\x86\winmm.lib:
      Hledá se C:\Program Files (x86)\Windows Kits\8.1\lib\winv6.3\um\x86\imm32.lib:
      Hledá se C:\Program Files (x86)\Windows Kits\8.1\lib\winv6.3\um\x86\opengl32.lib:
      Hledá se C:\Program Files (x86)\Windows Kits\8.1\lib\winv6.3\um\x86\dxguid.lib:
      Hledá se C:\Program Files (x86)\Windows Kits\8.1\lib\winv6.3\um\x86\version.lib:
      Hledá se C:\Program Files (x86)\Windows Kits\8.1\lib\winv6.3\um\x86\Iphlpapi.lib:
      Hledá se C:\prenos\dosbox-x-remc2\vs2015\..\obj\libpdcurses\Win32\Debug\libpdcurses.lib:
      Hledá se C:\Program Files (x86)\Windows Kits\8.1\lib\winv6.3\um\x86\Ws2_32.lib:
      Hledá se C:\prenos\dosbox-x-remc2\vs2015\..\obj\SDL\Win32\Debug\SDL.lib:
      Hledá se C:\prenos\dosbox-x-remc2\vs2015\..\obj\SDLmain\Win32\Debug\SDLmain.lib:
      Hledá se C:\prenos\dosbox-x-remc2\vs2015\..\obj\SDL_net\Win32\Debug\SDL_net.lib:
      Hledá se C:\Program Files (x86)\Windows Kits\8.1\lib\winv6.3\um\x86\kernel32.lib:
      Hledá se C:\Program Files (x86)\Windows Kits\8.1\lib\winv6.3\um\x86\user32.lib:
      Hledá se C:\Program Files (x86)\Windows Kits\8.1\lib\winv6.3\um\x86\gdi32.lib:
      Hledá se C:\Program Files (x86)\Windows Kits\8.1\lib\winv6.3\um\x86\winspool.lib:
      Hledá se C:\Program Files (x86)\Windows Kits\8.1\lib\winv6.3\um\x86\comdlg32.lib:
      Hledá se C:\Program Files (x86)\Windows Kits\8.1\lib\winv6.3\um\x86\advapi32.lib:
      Hledá se C:\Program Files (x86)\Windows Kits\8.1\lib\winv6.3\um\x86\shell32.lib:
      Hledá se C:\Program Files (x86)\Windows Kits\8.1\lib\winv6.3\um\x86\ole32.lib:
      Hledá se C:\Program Files (x86)\Windows Kits\8.1\lib\winv6.3\um\x86\oleaut32.lib:
      Hledá se C:\Program Files (x86)\Windows Kits\8.1\lib\winv6.3\um\x86\uuid.lib:
      Hledá se C:\Program Files (x86)\Windows Kits\8.1\lib\winv6.3\um\x86\odbc32.lib:
      Hledá se C:\Program Files (x86)\Windows Kits\8.1\lib\winv6.3\um\x86\odbccp32.lib:
      Hledá se C:\prenos\dosbox-x-remc2\vs2015\..\obj\zlib\Win32\Debug\zlib.lib:
      Hledá se C:\prenos\dosbox-x-remc2\vs2015\..\obj\libpng\Win32\Debug\libpng.lib:
      Hledá se C:\Program Files (x86)\Microsoft Visual Studio\2017\Community\VC\Tools\MSVC\14.15.26726\lib\x86\libcpmtd.lib:
      Hledá se C:\Program Files (x86)\Microsoft Visual Studio\2017\Community\VC\Tools\MSVC\14.15.26726\lib\x86\LIBCMTD.lib:
      Hledá se C:\Program Files (x86)\Microsoft Visual Studio\2017\Community\VC\Tools\MSVC\14.15.26726\lib\x86\OLDNAMES.lib:
      Hledá se C:\Program Files (x86)\Microsoft Visual Studio\2017\Community\VC\Tools\MSVC\14.15.26726\lib\x86\libconcrtd.lib:
      Hledá se C:\Program Files (x86)\Microsoft Visual Studio\2017\Community\VC\Tools\MSVC\14.15.26726\lib\x86\libvcruntimed.lib:
      Hledá se C:\Program Files (x86)\Windows Kits\10\lib\10.0.10240.0\ucrt\x86\libucrtd.lib:
      Hledá se C:\Program Files (x86)\Windows Kits\8.1\lib\winv6.3\um\x86\winmm.lib:
      Hledá se C:\Program Files (x86)\Windows Kits\8.1\lib\winv6.3\um\x86\imm32.lib:
      Hledá se C:\Program Files (x86)\Windows Kits\8.1\lib\winv6.3\um\x86\opengl32.lib:
      Hledá se C:\Program Files (x86)\Windows Kits\8.1\lib\winv6.3\um\x86\dxguid.lib:
      Hledá se C:\Program Files (x86)\Windows Kits\8.1\lib\winv6.3\um\x86\version.lib:
      Hledá se C:\Program Files (x86)\Windows Kits\8.1\lib\winv6.3\um\x86\Iphlpapi.lib:
      Hledá se C:\prenos\dosbox-x-remc2\vs2015\..\obj\libpdcurses\Win32\Debug\libpdcurses.lib:
      Hledá se C:\Program Files (x86)\Windows Kits\8.1\lib\winv6.3\um\x86\Ws2_32.lib:
      Hledá se C:\prenos\dosbox-x-remc2\vs2015\..\obj\SDL\Win32\Debug\SDL.lib:
      Hledá se C:\prenos\dosbox-x-remc2\vs2015\..\obj\SDLmain\Win32\Debug\SDLmain.lib:
      Hledá se C:\prenos\dosbox-x-remc2\vs2015\..\obj\SDL_net\Win32\Debug\SDL_net.lib:
      Hledá se C:\Program Files (x86)\Windows Kits\8.1\lib\winv6.3\um\x86\kernel32.lib:
      Hledá se C:\Program Files (x86)\Windows Kits\8.1\lib\winv6.3\um\x86\user32.lib:
      Hledá se C:\Program Files (x86)\Windows Kits\8.1\lib\winv6.3\um\x86\gdi32.lib:
      Hledá se C:\Program Files (x86)\Windows Kits\8.1\lib\winv6.3\um\x86\winspool.lib:
      Hledá se C:\Program Files (x86)\Windows Kits\8.1\lib\winv6.3\um\x86\comdlg32.lib:
      Hledá se C:\Program Files (x86)\Windows Kits\8.1\lib\winv6.3\um\x86\advapi32.lib:
      Hledá se C:\Program Files (x86)\Windows Kits\8.1\lib\winv6.3\um\x86\shell32.lib:
      Hledá se C:\Program Files (x86)\Windows Kits\8.1\lib\winv6.3\um\x86\ole32.lib:
      Hledá se C:\Program Files (x86)\Windows Kits\8.1\lib\winv6.3\um\x86\oleaut32.lib:
      Hledá se C:\Program Files (x86)\Windows Kits\8.1\lib\winv6.3\um\x86\uuid.lib:
      Hledá se C:\Program Files (x86)\Windows Kits\8.1\lib\winv6.3\um\x86\odbc32.lib:
      Hledá se C:\Program Files (x86)\Windows Kits\8.1\lib\winv6.3\um\x86\odbccp32.lib:
      Hledá se C:\prenos\dosbox-x-remc2\vs2015\..\obj\zlib\Win32\Debug\zlib.lib:
      Hledá se C:\prenos\dosbox-x-remc2\vs2015\..\obj\libpng\Win32\Debug\libpng.lib:
      Hledá se C:\Program Files (x86)\Microsoft Visual Studio\2017\Community\VC\Tools\MSVC\14.15.26726\lib\x86\libcpmtd.lib:
      Hledá se C:\Program Files (x86)\Microsoft Visual Studio\2017\Community\VC\Tools\MSVC\14.15.26726\lib\x86\LIBCMTD.lib:
      Hledá se C:\Program Files (x86)\Microsoft Visual Studio\2017\Community\VC\Tools\MSVC\14.15.26726\lib\x86\OLDNAMES.lib:
      Hledá se C:\Program Files (x86)\Microsoft Visual Studio\2017\Community\VC\Tools\MSVC\14.15.26726\lib\x86\libconcrtd.lib:
      Hledá se C:\Program Files (x86)\Microsoft Visual Studio\2017\Community\VC\Tools\MSVC\14.15.26726\lib\x86\libvcruntimed.lib:
      Hledá se C:\Program Files (x86)\Windows Kits\10\lib\10.0.10240.0\ucrt\x86\libucrtd.lib:
      Hledá se C:\Program Files (x86)\Windows Kits\8.1\lib\winv6.3\um\x86\winmm.lib:
      Hledá se C:\Program Files (x86)\Windows Kits\8.1\lib\winv6.3\um\x86\imm32.lib:
      Hledá se C:\Program Files (x86)\Windows Kits\8.1\lib\winv6.3\um\x86\opengl32.lib:
      Hledá se C:\Program Files (x86)\Windows Kits\8.1\lib\winv6.3\um\x86\dxguid.lib:
      Hledá se C:\Program Files (x86)\Windows Kits\8.1\lib\winv6.3\um\x86\version.lib:
      Hledá se C:\Program Files (x86)\Windows Kits\8.1\lib\winv6.3\um\x86\Iphlpapi.lib:
      Hledá se C:\prenos\dosbox-x-remc2\vs2015\..\obj\libpdcurses\Win32\Debug\libpdcurses.lib:
      Hledá se C:\Program Files (x86)\Windows Kits\8.1\lib\winv6.3\um\x86\Ws2_32.lib:
      Hledá se C:\prenos\dosbox-x-remc2\vs2015\..\obj\SDL\Win32\Debug\SDL.lib:
      Hledá se C:\prenos\dosbox-x-remc2\vs2015\..\obj\SDLmain\Win32\Debug\SDLmain.lib:
      Hledá se C:\prenos\dosbox-x-remc2\vs2015\..\obj\SDL_net\Win32\Debug\SDL_net.lib:
      Hledá se C:\Program Files (x86)\Windows Kits\8.1\lib\winv6.3\um\x86\kernel32.lib:
      Hledá se C:\Program Files (x86)\Windows Kits\8.1\lib\winv6.3\um\x86\user32.lib:
      Hledá se C:\Program Files (x86)\Windows Kits\8.1\lib\winv6.3\um\x86\gdi32.lib:
      Hledá se C:\Program Files (x86)\Windows Kits\8.1\lib\winv6.3\um\x86\winspool.lib:
      Hledá se C:\Program Files (x86)\Windows Kits\8.1\lib\winv6.3\um\x86\comdlg32.lib:
      Hledá se C:\Program Files (x86)\Windows Kits\8.1\lib\winv6.3\um\x86\advapi32.lib:
      Hledá se C:\Program Files (x86)\Windows Kits\8.1\lib\winv6.3\um\x86\shell32.lib:
      Hledá se C:\Program Files (x86)\Windows Kits\8.1\lib\winv6.3\um\x86\ole32.lib:
      Hledá se C:\Program Files (x86)\Windows Kits\8.1\lib\winv6.3\um\x86\oleaut32.lib:
      Hledá se C:\Program Files (x86)\Windows Kits\8.1\lib\winv6.3\um\x86\uuid.lib:
      Hledá se C:\Program Files (x86)\Windows Kits\8.1\lib\winv6.3\um\x86\odbc32.lib:
      Hledá se C:\Program Files (x86)\Windows Kits\8.1\lib\winv6.3\um\x86\odbccp32.lib:
      Hledá se C:\prenos\dosbox-x-remc2\vs2015\..\obj\zlib\Win32\Debug\zlib.lib:
      Hledá se C:\prenos\dosbox-x-remc2\vs2015\..\obj\libpng\Win32\Debug\libpng.lib:
      Hledá se C:\Program Files (x86)\Microsoft Visual Studio\2017\Community\VC\Tools\MSVC\14.15.26726\lib\x86\libcpmtd.lib:
      Hledá se C:\Program Files (x86)\Microsoft Visual Studio\2017\Community\VC\Tools\MSVC\14.15.26726\lib\x86\LIBCMTD.lib:
      Hledá se C:\Program Files (x86)\Microsoft Visual Studio\2017\Community\VC\Tools\MSVC\14.15.26726\lib\x86\OLDNAMES.lib:
      Hledá se C:\Program Files (x86)\Microsoft Visual Studio\2017\Community\VC\Tools\MSVC\14.15.26726\lib\x86\libconcrtd.lib:
      Hledá se C:\Program Files (x86)\Microsoft Visual Studio\2017\Community\VC\Tools\MSVC\14.15.26726\lib\x86\libvcruntimed.lib:
      Hledá se C:\Program Files (x86)\Windows Kits\10\lib\10.0.10240.0\ucrt\x86\libucrtd.lib:
      Hledá se C:\Program Files (x86)\Windows Kits\8.1\lib\winv6.3\um\x86\winmm.lib:
      Hledá se C:\Program Files (x86)\Windows Kits\8.1\lib\winv6.3\um\x86\imm32.lib:
      Hledá se C:\Program Files (x86)\Windows Kits\8.1\lib\winv6.3\um\x86\opengl32.lib:
      Hledá se C:\Program Files (x86)\Windows Kits\8.1\lib\winv6.3\um\x86\dxguid.lib:
      Hledá se C:\Program Files (x86)\Windows Kits\8.1\lib\winv6.3\um\x86\version.lib:
      Hledá se C:\Program Files (x86)\Windows Kits\8.1\lib\winv6.3\um\x86\Iphlpapi.lib:
      Hledá se C:\prenos\dosbox-x-remc2\vs2015\..\obj\libpdcurses\Win32\Debug\libpdcurses.lib:
      Hledá se C:\Program Files (x86)\Windows Kits\8.1\lib\winv6.3\um\x86\Ws2_32.lib:
      Hledá se C:\prenos\dosbox-x-remc2\vs2015\..\obj\SDL\Win32\Debug\SDL.lib:
      Hledá se C:\prenos\dosbox-x-remc2\vs2015\..\obj\SDLmain\Win32\Debug\SDLmain.lib:
      Hledá se C:\prenos\dosbox-x-remc2\vs2015\..\obj\SDL_net\Win32\Debug\SDL_net.lib:
  
  Hledání knihoven se dokončilo.
     Vytváří se knihovna C:\prenos\dosbox-x-remc2\vs2015\..\obj\dosbox-x\Win32\Debug\/dosbox-x.lib a objekt C:\prenos\dosbox-x-remc2\vs2015\..\obj\dosbox-x\Win32\Debug\/dosbox-x.exp.
  
  Hledají se knihovny.
      Hledá se C:\Program Files (x86)\Windows Kits\8.1\lib\winv6.3\um\x86\winmm.lib:
      Hledá se C:\Program Files (x86)\Windows Kits\8.1\lib\winv6.3\um\x86\imm32.lib:
      Hledá se C:\Program Files (x86)\Windows Kits\8.1\lib\winv6.3\um\x86\opengl32.lib:
      Hledá se C:\Program Files (x86)\Windows Kits\8.1\lib\winv6.3\um\x86\dxguid.lib:
      Hledá se C:\Program Files (x86)\Windows Kits\8.1\lib\winv6.3\um\x86\version.lib:
      Hledá se C:\Program Files (x86)\Windows Kits\8.1\lib\winv6.3\um\x86\Iphlpapi.lib:
      Hledá se C:\prenos\dosbox-x-remc2\vs2015\..\obj\libpdcurses\Win32\Debug\libpdcurses.lib:
      Hledá se C:\Program Files (x86)\Windows Kits\8.1\lib\winv6.3\um\x86\Ws2_32.lib:
      Hledá se C:\prenos\dosbox-x-remc2\vs2015\..\obj\SDL\Win32\Debug\SDL.lib:
      Hledá se C:\prenos\dosbox-x-remc2\vs2015\..\obj\SDLmain\Win32\Debug\SDLmain.lib:
      Hledá se C:\prenos\dosbox-x-remc2\vs2015\..\obj\SDL_net\Win32\Debug\SDL_net.lib:
      Hledá se C:\Program Files (x86)\Windows Kits\8.1\lib\winv6.3\um\x86\kernel32.lib:
      Hledá se C:\Program Files (x86)\Windows Kits\8.1\lib\winv6.3\um\x86\user32.lib:
      Hledá se C:\Program Files (x86)\Windows Kits\8.1\lib\winv6.3\um\x86\gdi32.lib:
      Hledá se C:\Program Files (x86)\Windows Kits\8.1\lib\winv6.3\um\x86\winspool.lib:
      Hledá se C:\Program Files (x86)\Windows Kits\8.1\lib\winv6.3\um\x86\comdlg32.lib:
      Hledá se C:\Program Files (x86)\Windows Kits\8.1\lib\winv6.3\um\x86\advapi32.lib:
      Hledá se C:\Program Files (x86)\Windows Kits\8.1\lib\winv6.3\um\x86\shell32.lib:
      Hledá se C:\Program Files (x86)\Windows Kits\8.1\lib\winv6.3\um\x86\ole32.lib:
      Hledá se C:\Program Files (x86)\Windows Kits\8.1\lib\winv6.3\um\x86\oleaut32.lib:
      Hledá se C:\Program Files (x86)\Windows Kits\8.1\lib\winv6.3\um\x86\uuid.lib:
      Hledá se C:\Program Files (x86)\Windows Kits\8.1\lib\winv6.3\um\x86\odbc32.lib:
      Hledá se C:\Program Files (x86)\Windows Kits\8.1\lib\winv6.3\um\x86\odbccp32.lib:
      Hledá se C:\prenos\dosbox-x-remc2\vs2015\..\obj\zlib\Win32\Debug\zlib.lib:
      Hledá se C:\prenos\dosbox-x-remc2\vs2015\..\obj\libpng\Win32\Debug\libpng.lib:
      Hledá se C:\Program Files (x86)\Microsoft Visual Studio\2017\Community\VC\Tools\MSVC\14.15.26726\lib\x86\libcpmtd.lib:
      Hledá se C:\Program Files (x86)\Microsoft Visual Studio\2017\Community\VC\Tools\MSVC\14.15.26726\lib\x86\LIBCMTD.lib:
      Hledá se C:\Program Files (x86)\Microsoft Visual Studio\2017\Community\VC\Tools\MSVC\14.15.26726\lib\x86\OLDNAMES.lib:
      Hledá se C:\Program Files (x86)\Microsoft Visual Studio\2017\Community\VC\Tools\MSVC\14.15.26726\lib\x86\libconcrtd.lib:
      Hledá se C:\Program Files (x86)\Microsoft Visual Studio\2017\Community\VC\Tools\MSVC\14.15.26726\lib\x86\libvcruntimed.lib:
      Hledá se C:\Program Files (x86)\Windows Kits\10\lib\10.0.10240.0\ucrt\x86\libucrtd.lib:
  
  Hledání knihoven se dokončilo.
  
  Hledají se knihovny.
      Hledá se C:\Program Files (x86)\Windows Kits\8.1\lib\winv6.3\um\x86\winmm.lib:
      Hledá se C:\Program Files (x86)\Windows Kits\8.1\lib\winv6.3\um\x86\imm32.lib:
      Hledá se C:\Program Files (x86)\Windows Kits\8.1\lib\winv6.3\um\x86\opengl32.lib:
      Hledá se C:\Program Files (x86)\Windows Kits\8.1\lib\winv6.3\um\x86\dxguid.lib:
      Hledá se C:\Program Files (x86)\Windows Kits\8.1\lib\winv6.3\um\x86\version.lib:
      Hledá se C:\Program Files (x86)\Windows Kits\8.1\lib\winv6.3\um\x86\Iphlpapi.lib:
      Hledá se C:\prenos\dosbox-x-remc2\vs2015\..\obj\libpdcurses\Win32\Debug\libpdcurses.lib:
      Hledá se C:\Program Files (x86)\Windows Kits\8.1\lib\winv6.3\um\x86\Ws2_32.lib:
      Hledá se C:\prenos\dosbox-x-remc2\vs2015\..\obj\SDL\Win32\Debug\SDL.lib:
      Hledá se C:\prenos\dosbox-x-remc2\vs2015\..\obj\SDLmain\Win32\Debug\SDLmain.lib:
      Hledá se C:\prenos\dosbox-x-remc2\vs2015\..\obj\SDL_net\Win32\Debug\SDL_net.lib:
      Hledá se C:\Program Files (x86)\Windows Kits\8.1\lib\winv6.3\um\x86\kernel32.lib:
      Hledá se C:\Program Files (x86)\Windows Kits\8.1\lib\winv6.3\um\x86\user32.lib:
      Hledá se C:\Program Files (x86)\Windows Kits\8.1\lib\winv6.3\um\x86\gdi32.lib:
      Hledá se C:\Program Files (x86)\Windows Kits\8.1\lib\winv6.3\um\x86\winspool.lib:
      Hledá se C:\Program Files (x86)\Windows Kits\8.1\lib\winv6.3\um\x86\comdlg32.lib:
      Hledá se C:\Program Files (x86)\Windows Kits\8.1\lib\winv6.3\um\x86\advapi32.lib:
      Hledá se C:\Program Files (x86)\Windows Kits\8.1\lib\winv6.3\um\x86\shell32.lib:
      Hledá se C:\Program Files (x86)\Windows Kits\8.1\lib\winv6.3\um\x86\ole32.lib:
      Hledá se C:\Program Files (x86)\Windows Kits\8.1\lib\winv6.3\um\x86\oleaut32.lib:
      Hledá se C:\Program Files (x86)\Windows Kits\8.1\lib\winv6.3\um\x86\uuid.lib:
      Hledá se C:\Program Files (x86)\Windows Kits\8.1\lib\winv6.3\um\x86\odbc32.lib:
      Hledá se C:\Program Files (x86)\Windows Kits\8.1\lib\winv6.3\um\x86\odbccp32.lib:
      Hledá se C:\prenos\dosbox-x-remc2\vs2015\..\obj\zlib\Win32\Debug\zlib.lib:
      Hledá se C:\prenos\dosbox-x-remc2\vs2015\..\obj\libpng\Win32\Debug\libpng.lib:
      Hledá se C:\Program Files (x86)\Microsoft Visual Studio\2017\Community\VC\Tools\MSVC\14.15.26726\lib\x86\libcpmtd.lib:
      Hledá se C:\Program Files (x86)\Microsoft Visual Studio\2017\Community\VC\Tools\MSVC\14.15.26726\lib\x86\LIBCMTD.lib:
      Hledá se C:\Program Files (x86)\Microsoft Visual Studio\2017\Community\VC\Tools\MSVC\14.15.26726\lib\x86\OLDNAMES.lib:
      Hledá se C:\Program Files (x86)\Microsoft Visual Studio\2017\Community\VC\Tools\MSVC\14.15.26726\lib\x86\libconcrtd.lib:
      Hledá se C:\Program Files (x86)\Microsoft Visual Studio\2017\Community\VC\Tools\MSVC\14.15.26726\lib\x86\libvcruntimed.lib:
      Hledá se C:\Program Files (x86)\Windows Kits\10\lib\10.0.10240.0\ucrt\x86\libucrtd.lib:
      Hledá se C:\Program Files (x86)\Windows Kits\8.1\lib\winv6.3\um\x86\winmm.lib:
      Hledá se C:\Program Files (x86)\Windows Kits\8.1\lib\winv6.3\um\x86\imm32.lib:
      Hledá se C:\Program Files (x86)\Windows Kits\8.1\lib\winv6.3\um\x86\opengl32.lib:
      Hledá se C:\Program Files (x86)\Windows Kits\8.1\lib\winv6.3\um\x86\dxguid.lib:
      Hledá se C:\Program Files (x86)\Windows Kits\8.1\lib\winv6.3\um\x86\version.lib:
      Hledá se C:\Program Files (x86)\Windows Kits\8.1\lib\winv6.3\um\x86\Iphlpapi.lib:
      Hledá se C:\prenos\dosbox-x-remc2\vs2015\..\obj\libpdcurses\Win32\Debug\libpdcurses.lib:
      Hledá se C:\Program Files (x86)\Windows Kits\8.1\lib\winv6.3\um\x86\Ws2_32.lib:
      Hledá se C:\prenos\dosbox-x-remc2\vs2015\..\obj\SDL\Win32\Debug\SDL.lib:
      Hledá se C:\prenos\dosbox-x-remc2\vs2015\..\obj\SDLmain\Win32\Debug\SDLmain.lib:
      Hledá se C:\prenos\dosbox-x-remc2\vs2015\..\obj\SDL_net\Win32\Debug\SDL_net.lib:
      Hledá se C:\Program Files (x86)\Windows Kits\8.1\lib\winv6.3\um\x86\kernel32.lib:
      Hledá se C:\Program Files (x86)\Windows Kits\8.1\lib\winv6.3\um\x86\user32.lib:
      Hledá se C:\Program Files (x86)\Windows Kits\8.1\lib\winv6.3\um\x86\gdi32.lib:
      Hledá se C:\Program Files (x86)\Windows Kits\8.1\lib\winv6.3\um\x86\winspool.lib:
      Hledá se C:\Program Files (x86)\Windows Kits\8.1\lib\winv6.3\um\x86\comdlg32.lib:
      Hledá se C:\Program Files (x86)\Windows Kits\8.1\lib\winv6.3\um\x86\advapi32.lib:
      Hledá se C:\Program Files (x86)\Windows Kits\8.1\lib\winv6.3\um\x86\shell32.lib:
      Hledá se C:\Program Files (x86)\Windows Kits\8.1\lib\winv6.3\um\x86\ole32.lib:
      Hledá se C:\Program Files (x86)\Windows Kits\8.1\lib\winv6.3\um\x86\oleaut32.lib:
      Hledá se C:\Program Files (x86)\Windows Kits\8.1\lib\winv6.3\um\x86\uuid.lib:
      Hledá se C:\Program Files (x86)\Windows Kits\8.1\lib\winv6.3\um\x86\odbc32.lib:
      Hledá se C:\Program Files (x86)\Windows Kits\8.1\lib\winv6.3\um\x86\odbccp32.lib:
      Hledá se C:\prenos\dosbox-x-remc2\vs2015\..\obj\zlib\Win32\Debug\zlib.lib:
      Hledá se C:\prenos\dosbox-x-remc2\vs2015\..\obj\libpng\Win32\Debug\libpng.lib:
      Hledá se C:\Program Files (x86)\Microsoft Visual Studio\2017\Community\VC\Tools\MSVC\14.15.26726\lib\x86\libcpmtd.lib:
  
  Hledání knihoven se dokončilo.
  dosbox-x.vcxproj -> C:\prenos\dosbox-x-remc2\vs2015\..\bin\Win32\Debug\dosbox-x.exe
          1 file(s) copied.
          1 file(s) copied.
          1 file(s) copied.
