c:\prenos\dosbox-x-master\obj\zlib\win32\debug\zlib.pdb
c:\prenos\dosbox-x-master\obj\zlib\win32\debug\zutil.obj
c:\prenos\dosbox-x-master\obj\zlib\win32\debug\uncompr.obj
c:\prenos\dosbox-x-master\obj\zlib\win32\debug\trees.obj
c:\prenos\dosbox-x-master\obj\zlib\win32\debug\inftrees.obj
c:\prenos\dosbox-x-master\obj\zlib\win32\debug\inflate.obj
c:\prenos\dosbox-x-master\obj\zlib\win32\debug\inffast.obj
c:\prenos\dosbox-x-master\obj\zlib\win32\debug\infback.obj
c:\prenos\dosbox-x-master\obj\zlib\win32\debug\gzwrite.obj
c:\prenos\dosbox-x-master\obj\zlib\win32\debug\gzread.obj
c:\prenos\dosbox-x-master\obj\zlib\win32\debug\gzlib.obj
c:\prenos\dosbox-x-master\obj\zlib\win32\debug\gzclose.obj
c:\prenos\dosbox-x-master\obj\zlib\win32\debug\deflate.obj
c:\prenos\dosbox-x-master\obj\zlib\win32\debug\crc32.obj
c:\prenos\dosbox-x-master\obj\zlib\win32\debug\compress.obj
c:\prenos\dosbox-x-master\obj\zlib\win32\debug\adler32.obj
c:\prenos\dosbox-x-master\obj\zlib\win32\debug\zlib.lib
c:\prenos\dosbox-x-master\vs2015\..\obj\zlib\win32\debug\zlib.pdb
c:\prenos\dosbox-x-master\vs2015\..\obj\zlib\win32\debug\zlib.lib
c:\prenos\dosbox-x-master\obj\zlib\win32\debug\zlib.tlog\cl.command.1.tlog
c:\prenos\dosbox-x-master\obj\zlib\win32\debug\zlib.tlog\cl.read.1.tlog
c:\prenos\dosbox-x-master\obj\zlib\win32\debug\zlib.tlog\cl.write.1.tlog
c:\prenos\dosbox-x-master\obj\zlib\win32\debug\zlib.tlog\lib-link.read.1.tlog
c:\prenos\dosbox-x-master\obj\zlib\win32\debug\zlib.tlog\lib-link.write.1.tlog
c:\prenos\dosbox-x-master\obj\zlib\win32\debug\zlib.tlog\lib.command.1.tlog
