  SDL_diskaudio.c
  SDL_dummyaudio.c
  SDL_audio.c
  SDL_audiocvt.c
  SDL_mixer.c
  SDL_mixer_MMX_VC.c
  SDL_wave.c
  SDL_dibaudio.c
  SDL_dx5audio.c
  SDL_cdrom.c
  SDL_syscdrom.c
  SDL_cpuinfo.c
  SDL_active.c
  SDL_events.c
  SDL_expose.c
  SDL_keyboard.c
  SDL_mouse.c
  SDL_quit.c
  SDL_resize.c
  SDL_rwops.c
  Generování kódu...
  Kompilování...
  SDL_joystick.c
  SDL_mmjoystick.c
  SDL_xinputjoystick.c
  SDL_sysloadso.c
  SDL.c
  SDL_error.c
  SDL_fatal.c
  SDL_getenv.c
  SDL_iconv.c
  SDL_malloc.c
  SDL_qsort.c
  SDL_stdlib.c
  SDL_string.c
  SDL_syscond.c
  SDL_thread.c
  SDL_sysmutex.c
  SDL_syssem.c
  SDL_systhread.c
  SDL_timer.c
  SDL_systimer.c
  Generování kódu...
  Kompilování...
  SDL_nullevents.c
  SDL_nullmouse.c
  SDL_nullvideo.c
  SDL_blit.c
  SDL_blit_0.c
  SDL_blit_1.c
  SDL_blit_A.c
  SDL_blit_N.c
  SDL_bmp.c
  SDL_cursor.c
  SDL_gamma.c
  SDL_pixels.c
  SDL_RLEaccel.c
  SDL_stretch.c
  SDL_surface.c
  SDL_video.c
  SDL_yuv.c
  SDL_yuv_sw.c
  SDL_sysevents.c
  SDL_sysmouse.c
  Generování kódu...
  Kompilování...
  SDL_syswm.c
  SDL_wingl.c
  SDL_dibevents.c
  SDL_dibvideo.c
  SDL_dx5events.c
  Generování kódu...
  SDL.vcxproj -> C:\prenos\dosbox-x-remc2\vs2015\..\obj\SDL\Win32\Debug\SDL.lib
