c:\prenos\dosbox-x-master\obj\sdl\win32\debug\sdl.pdb
c:\prenos\dosbox-x-master\obj\sdl\win32\debug\sdl_rwops.obj
c:\prenos\dosbox-x-master\obj\sdl\win32\debug\sdl_resize.obj
c:\prenos\dosbox-x-master\obj\sdl\win32\debug\sdl_quit.obj
c:\prenos\dosbox-x-master\obj\sdl\win32\debug\sdl_mouse.obj
c:\prenos\dosbox-x-master\obj\sdl\win32\debug\sdl_keyboard.obj
c:\prenos\dosbox-x-master\obj\sdl\win32\debug\sdl_expose.obj
c:\prenos\dosbox-x-master\obj\sdl\win32\debug\sdl_events.obj
c:\prenos\dosbox-x-master\obj\sdl\win32\debug\sdl_active.obj
c:\prenos\dosbox-x-master\obj\sdl\win32\debug\sdl_cpuinfo.obj
c:\prenos\dosbox-x-master\obj\sdl\win32\debug\sdl_syscdrom.obj
c:\prenos\dosbox-x-master\obj\sdl\win32\debug\sdl_cdrom.obj
c:\prenos\dosbox-x-master\obj\sdl\win32\debug\sdl_dx5audio.obj
c:\prenos\dosbox-x-master\obj\sdl\win32\debug\sdl_dibaudio.obj
c:\prenos\dosbox-x-master\obj\sdl\win32\debug\sdl_wave.obj
c:\prenos\dosbox-x-master\obj\sdl\win32\debug\sdl_mixer_mmx_vc.obj
c:\prenos\dosbox-x-master\obj\sdl\win32\debug\sdl_mixer.obj
c:\prenos\dosbox-x-master\obj\sdl\win32\debug\sdl_audiocvt.obj
c:\prenos\dosbox-x-master\obj\sdl\win32\debug\sdl_audio.obj
c:\prenos\dosbox-x-master\obj\sdl\win32\debug\sdl_dummyaudio.obj
c:\prenos\dosbox-x-master\obj\sdl\win32\debug\sdl_diskaudio.obj
c:\prenos\dosbox-x-master\obj\sdl\win32\debug\sdl_systimer.obj
c:\prenos\dosbox-x-master\obj\sdl\win32\debug\sdl_timer.obj
c:\prenos\dosbox-x-master\obj\sdl\win32\debug\sdl_systhread.obj
c:\prenos\dosbox-x-master\obj\sdl\win32\debug\sdl_syssem.obj
c:\prenos\dosbox-x-master\obj\sdl\win32\debug\sdl_sysmutex.obj
c:\prenos\dosbox-x-master\obj\sdl\win32\debug\sdl_thread.obj
c:\prenos\dosbox-x-master\obj\sdl\win32\debug\sdl_syscond.obj
c:\prenos\dosbox-x-master\obj\sdl\win32\debug\sdl_string.obj
c:\prenos\dosbox-x-master\obj\sdl\win32\debug\sdl_stdlib.obj
c:\prenos\dosbox-x-master\obj\sdl\win32\debug\sdl_qsort.obj
c:\prenos\dosbox-x-master\obj\sdl\win32\debug\sdl_malloc.obj
c:\prenos\dosbox-x-master\obj\sdl\win32\debug\sdl_iconv.obj
c:\prenos\dosbox-x-master\obj\sdl\win32\debug\sdl_getenv.obj
c:\prenos\dosbox-x-master\obj\sdl\win32\debug\sdl_fatal.obj
c:\prenos\dosbox-x-master\obj\sdl\win32\debug\sdl_error.obj
c:\prenos\dosbox-x-master\obj\sdl\win32\debug\sdl.obj
c:\prenos\dosbox-x-master\obj\sdl\win32\debug\sdl_sysloadso.obj
c:\prenos\dosbox-x-master\obj\sdl\win32\debug\sdl_xinputjoystick.obj
c:\prenos\dosbox-x-master\obj\sdl\win32\debug\sdl_mmjoystick.obj
c:\prenos\dosbox-x-master\obj\sdl\win32\debug\sdl_joystick.obj
c:\prenos\dosbox-x-master\obj\sdl\win32\debug\sdl_sysmouse.obj
c:\prenos\dosbox-x-master\obj\sdl\win32\debug\sdl_sysevents.obj
c:\prenos\dosbox-x-master\obj\sdl\win32\debug\sdl_yuv_sw.obj
c:\prenos\dosbox-x-master\obj\sdl\win32\debug\sdl_yuv.obj
c:\prenos\dosbox-x-master\obj\sdl\win32\debug\sdl_video.obj
c:\prenos\dosbox-x-master\obj\sdl\win32\debug\sdl_surface.obj
c:\prenos\dosbox-x-master\obj\sdl\win32\debug\sdl_stretch.obj
c:\prenos\dosbox-x-master\obj\sdl\win32\debug\sdl_rleaccel.obj
c:\prenos\dosbox-x-master\obj\sdl\win32\debug\sdl_pixels.obj
c:\prenos\dosbox-x-master\obj\sdl\win32\debug\sdl_gamma.obj
c:\prenos\dosbox-x-master\obj\sdl\win32\debug\sdl_cursor.obj
c:\prenos\dosbox-x-master\obj\sdl\win32\debug\sdl_bmp.obj
c:\prenos\dosbox-x-master\obj\sdl\win32\debug\sdl_blit_n.obj
c:\prenos\dosbox-x-master\obj\sdl\win32\debug\sdl_blit_a.obj
c:\prenos\dosbox-x-master\obj\sdl\win32\debug\sdl_blit_1.obj
c:\prenos\dosbox-x-master\obj\sdl\win32\debug\sdl_blit_0.obj
c:\prenos\dosbox-x-master\obj\sdl\win32\debug\sdl_blit.obj
c:\prenos\dosbox-x-master\obj\sdl\win32\debug\sdl_nullvideo.obj
c:\prenos\dosbox-x-master\obj\sdl\win32\debug\sdl_nullmouse.obj
c:\prenos\dosbox-x-master\obj\sdl\win32\debug\sdl_nullevents.obj
c:\prenos\dosbox-x-master\obj\sdl\win32\debug\sdl_dx5events.obj
c:\prenos\dosbox-x-master\obj\sdl\win32\debug\sdl_dibvideo.obj
c:\prenos\dosbox-x-master\obj\sdl\win32\debug\sdl_dibevents.obj
c:\prenos\dosbox-x-master\obj\sdl\win32\debug\sdl_wingl.obj
c:\prenos\dosbox-x-master\obj\sdl\win32\debug\sdl_syswm.obj
c:\prenos\dosbox-x-master\obj\sdl\win32\debug\sdl.lib
c:\prenos\dosbox-x-master\vs2015\..\obj\sdl\win32\debug\sdl.pdb
c:\prenos\dosbox-x-master\vs2015\..\obj\sdl\win32\debug\sdl.lib
c:\prenos\dosbox-x-master\obj\sdl\win32\debug\sdl.tlog\cl.command.1.tlog
c:\prenos\dosbox-x-master\obj\sdl\win32\debug\sdl.tlog\cl.read.1.tlog
c:\prenos\dosbox-x-master\obj\sdl\win32\debug\sdl.tlog\cl.write.1.tlog
c:\prenos\dosbox-x-master\obj\sdl\win32\debug\sdl.tlog\lib-link.read.1.tlog
c:\prenos\dosbox-x-master\obj\sdl\win32\debug\sdl.tlog\lib-link.write.1.tlog
c:\prenos\dosbox-x-master\obj\sdl\win32\debug\sdl.tlog\lib.command.1.tlog
